Misspelt Words
===========================
abandonned
aberation
abilties
abilty
abondon
abbout
abotu
abouta
aboutit
aboutthe
abscence
abondoned
abondoning
abondons
aborigene
accesories
accidant
abortificant
abreviate
abreviated
abreviation
abritrary
absail
absailing
absense
absolutly
absorbsion
absorbtion
abudance
abundacies
abundancies
abundunt
abutts
acadamy
acadmic
accademic
accademy
acccused
accelleration
accension
accension
acceptence
acceptible
accessable
acident
accidentaly
accidently
acclimitization
accomadate
accomadated
accomadates
accomadating
accomadation
accomadations
accomdate
accomodate
accomodated
accomodates
accomodating
accomodation
accomodations
accompanyed
accordeon
accordian
accoring
accoustic
accquainted
accrediation
accredidation
accross
accussed
acedemic
acheive
acheived
acheivement
acheivements
acheives
acheiving
acheivment
acheivments
achievment
achievments
achive
achive
achived
achived
achivement
achivements
acknowldeged
acknowledgeing
ackward
ackward
acommodate
acomplish
acomplished
acomplishment
acomplishments
acording
acordingly
acquaintence
acquaintences
acquiantence
acquiantences
acquited
activites
activly
actualy
acuracy
acused
acustom
acustommed
adavanced
adbandon
addional
addionally
additinally
additionaly
additonal
additonally
addmission
addopt
addopted
addoptive
addres
addres
addresable
addresed
addresing
addressess
addtion
addtional
adecuate
adequit
adhearing
adherance
admendment
admininistrative
adminstered
adminstrate
adminstration
adminstrative
adminstrator
admissability
admissable
admited
admitedly
adn
adolecent
adquire
adquired
adquires
adquiring
adres
adresable
adresing
adress
adressable
adressed
adressing
adressing
adventrous
advertisment
advertisments
advesary
adviced
aeriel
aeriels
afair
afficianados
afficionado
afficionados
affilate
affilliate
affort
affort
aforememtioned
againnst
agains
agaisnt
aganist
aggaravates
aggreed
aggreement
aggregious
aggresive
agian
agianst
agin
agina
agina
aginst
agravate
agre
agred
agreeement
agreemnt
agregate
agregates
agreing
agression
agressive
agressively
agressor
agricultue
agriculure
agricuture
agrieved
ahev
ahppen
ahve
aicraft
aiport
airbourne
aircaft
aircrafts
aircrafts'
airporta
airrcraft
aisian
albiet
alchohol
alchoholic
alchol
alcholic
alcohal
alcoholical
aledge
aledged
aledges
alege
aleged
alegience
algebraical
algorhitms
algoritm
algoritms
alientating
alledge
alledged
alledgedly
alledges
allegedely
allegedy
allegely
allegence
allegience
allign
alligned
alliviate
allopone
allopones
allready
allthough
alltime
alltogether
almsot
alochol
alomst
alot
alot
alotted
alowed
alowing
alreayd
alse
alsot
alternitives
altho
althought
altough
alusion
alusion
alwasy
alwyas
amalgomated
amatuer
amature
amature
amendmant
Amercia
amerliorate
amke
amking
ammend
ammended
ammendment
ammendments
ammount
ammused
amoung
amoungst
amung
amunition
analagous
analitic
analogeous
anarchim
anarchistm
anbd
ancestory
ancilliary
andd
androgenous
androgeny
anihilation
aniversary
annoint
annointed
annointing
annoints
annouced
annualy
annuled
anohter
anomolies
anomolous
anomoly
anonimity
anounced
anouncement
ansalisation
ansalization
ansestors
antartic
anthromorphization
anthropolgist
anthropolgy
anual
anulled
anwsered
anyhwere
anyother
anytying
aparent
aparment
apenines
apenines
aplication
aplied
apolegetics
apon
apon
apparant
apparantly
appart
appartment
appartments
appealling
appealling
appeareance
appearence
appearences
appenines
appenines
apperance
apperances
appereance
appereances
applicaiton
applicaitons
appologies
appology
apprearance
apprieciate
approachs
appropiate
appropraite
appropropiate
approproximate
approxamately
approxiately
approximitely
aprehensive
apropriate
aproval
aproximate
aproximately
aquaduct
aquaintance
aquainted
aquiantance
aquire
aquired
aquiring
aquisition
aquitted
aranged
arangement
arbitarily
arbitary
archaelogical
archaelogists
archaelogy
archaoelogy
archaoelogy
archaology
archaology
archeaologist
archeaologist
archeaologists
archeaologists
archetect
archetects
archetectural
archetecturally
archetecture
archiac
archictect
archimedian
architecht
architechturally
architechture
architechtures
architectual
archtype
archtypes
aready
areodynamics
argubly
arguement
arguements
arised
arival
armamant
armistace
arogant
arogent
aroud
arrangment
arrangments
arrengement
arrengements
arround
artcile
artical
artice
articel
artifical
artifically
artillary
arund
asetic
asfar
asign
aslo
asociated
asorbed
asphyxation
assasin
assasinate
assasinated
assasinates
assasination
assasinations
assasined
assasins
assassintation
assemple
assertation
asside
assisnate
assit
assitant
assocation
assoicate
assoicated
assoicates
assosication
asssassans
assualt
assualted
assymetric
assymetrical
asteriod
asthetic
asthetical
asthetically
asume
aswell
atain
atempting
atheistical
athenean
atheneans
athiesm
athiest
atorney
atribute
atributed
atributes
attaindre
attaindre
attemp
attemped
attemt
attemted
attemting
attemts
attendence
attendent
attendents
attened
attension
attitide
attributred
attrocities
audeince
auromated
austrailia
austrailian
auther
authobiographic
authobiography
authorative
authorites
authorithy
authoritiers
authoritive
authrorities
autochtonous
autoctonous
automaticly
automibile
automonomous
autor
autority
auxilary
auxillaries
auxillary
auxilliaries
auxilliary
availabe
availablity
availaible
availble
availiable
availible
avalable
avalance
avaliable
avation
avengence
averageed
avilable
awared
awya
baceause
backgorund
backrounds
bakc
banannas
bandwith
bankrupcy
banruptcy
baout
baout
basicaly
basicly
bcak
beachead
beacuse
beastiality
beatiful
beaurocracy
beaurocratic
beautyfull
becamae
becames
becames
becasue
beccause
becomeing
becomming
becouse
becuase
bedore
beeing
befoer
beggin
beggin
begginer
begginers
beggining
begginings
beggins
begining
beginnig
behavour
behavour
beleagured
beleif
beleive
beleived
beleives
beleiving
beligum
belive
belived
belived
belives
belives
belligerant
bellweather
bemusemnt
beneficary
beng
benificial
benifit
benifits
bergamont
Bernouilli
beseige
beseiged
beseiging
beteen
betwen
beween
bewteen
bigining
biginning
bilateraly
billingualism
binominal
bizzare
blaim
blaimed
blessure
Blitzkreig
boaut
boaut
bodydbuilder
bombardement
bombarment
bondary
Bonnano
boook
borke
boundry
bouyancy
bouyant
boyant
bradcast
Brasillian
breakthough
breakthroughts
breif
breifly
brethen
bretheren
briliant
brillant
brimestone
Britian
Brittish
broacasted
broadacasting
broady
Buddah
Buddist
buisness
buisnessman
buoancy
buring
buring
burried
busines
busineses
busineses
busness
bussiness
caculater
cacuses
cahracters
calaber
calander
calander
calculater
calculs
calenders
caligraphy
caluclate
caluclated
caluculate
caluculated
calulate
calulated
calulater
Cambrige
camoflage
campagin
campain
campains
candadate
candiate
candidiate
cannister
cannisters
cannnot
cannonical
cannotation
cannotations
caost
caperbility
Capetown
capible
captial
captued
capturd
carachter
caracterized
carcas
carcas
carefull
careing
carismatic
Carmalite
Carnagie
Carnagie-Mellon
carnege
carnege
carnige
carnige
Carnigie
Carnigie-Mellon
carniverous
carreer
carrers
Carribbean
Carribean
cartdridge
Carthagian
carthographer
cartilege
cartilidge
cartrige
casette
casion
cassawory
cassowarry
casue
casued
casues
casuing
casulaties
casulaty
catagories
catagorized
catagory
Cataline
Cataline
catapillar
catapillars
catapiller
catapillers
catepillar
catepillars
catergorize
catergorized
caterpilar
caterpilars
caterpiller
caterpillers
cathlic
catholocism
catterpilar
catterpilars
catterpillar
catterpillars
cattleship
causalities
Ceasar
Celcius
cellpading
cementary
cemetarey
cemetaries
cemetary
cencus
censur
censur
cententenial
centruies
centruy
centuties
centuty
ceratin
ceratin
cerimonial
cerimonies
cerimonious
cerimony
ceromony
certainity
certian
cervial
cervial
chalenging
challange
challanged
challege
Champange
changable
charachter
charachters
charactersistic
charactor
charactors
charasmatic
charaterized
chariman
charistics
chasr
chasr
cheif
cheifs
chemcial
chemcially
chemestry
chemicaly
childbird
childen
choosen
chracter
chuch
churchs
Cincinatti
Cincinnatti
circulaton
circumsicion
circut
ciricuit
ciriculum
civillian
claer
claerer
claerly
claimes
clas
clasic
clasical
clasically
cleareance
clera
clera
clincial
clinicaly
cmo
cmoputer
co-incided
Coca Cola
coctail
coform
cognizent
coincedentally
colaborations
colateral
colelctive
collaberative
collecton
collegue
collegues
collonade
collonies
collony
collosal
colonizators
comander
comander
comando
comandos
comany
comapany
comback
combanations
combinatins
combusion
comdemnation
comemmorates
comemoretion
comision
comisioned
comisioner
comisioning
comisions
comission
comissioned
comissioner
comissioning
comissions
comited
comiting
comitted
comittee
comitting
commandoes
commedic
commemerative
commemmorate
commemmorating
commerical
commerically
commericial
commericially
commerorative
comming
comminication
commision
commisioned
commisioner
commisioning
commisions
commited
commitee
commiting
committe
committment
committments
commmemorated
commongly
commonweath
commuications
commuinications
communciation
communiation
communites
compability
comparision
comparisions
comparitive
comparitively
compatabilities
compatability
compatable
compatablities
compatablity
compatiable
compatiblities
compatiblity
compeitions
compensantion
competance
competant
competative
competion
competion
competitiion
competive
competiveness
comphrehensive
compitent
completedthe
completelyl
completetion
complier
componant
comprable
comprimise
compulsary
compulsery
computarized
concensus
concider
concidered
concidering
conciders
concieted
concieved
concious
conciously
conciousness
condamned
condemmed
condidtion
condidtions
conditionsof
conected
conection
conesencus
confidental
confidentally
confids
configureable
confortable
congradulations
congresional
conived
conjecutre
conjuction
Conneticut
conotations
conquerd
conquerer
conquerers
conqured
conscent
consciouness
consdider
consdidered
consdiered
consectutive
consenquently
consentrate
consentrated
consentrates
consept
consequentually
consequeseces
consern
conserned
conserning
conservitive
consiciousness
consicousness
considerd
consideres
consious
consistant
consistantly
consituencies
consituency
consituted
consitution
consitutional
consolodate
consolodated
consonent
consonents
consorcium
conspiracys
conspiriator
constaints
constanly
constarnation
constatn
constinually
constituant
constituants
constituion
constituional
consttruction
constuction
contstruction
consulant
consumate
consumated
contaiminate
containes
contamporaries
contamporary
contempoary
contemporaneus
contempory
contendor
contian
contians
contibute
contibuted
contibutes
contigent
contined
continential
continous
continously
continueing
contravercial
contraversy
contributer
contributers
contritutions
controled
controling
controll
controlls
controvercial
controvercy
controveries
controversal
controversey
controvertial
controvery
contruction
conveinent
convenant
convential
convertables
convertion
conviced
convienient
coordiantion
coorperation
coorperation
coorperations
copmetitors
coputer
copywrite
coridal
cornmitted
corosion
corparate
corperations
correcters
correponding
correposding
correspondant
correspondants
corridoors
corrispond
corrispondant
corrispondants
corrisponded
corrisponding
corrisponds
costitution
coucil
coudl
coudl
councellor
councellor
councellors
councellors
counries
countains
countires
countrie's
countrie's
coururier
coururier
coverted
coverted
cpoy
cpoy
creaeted
creche
creedence
critereon
criterias
criticists
critising
critising
critisising
critisism
critisisms
critisize
critisize
critisized
critisized
critisizes
critisizes
critisizing
critisizing
critized
critizing
crockodiles
crowm
crtical
crticised
crucifiction
crusies
crystalisation
culiminating
cumulatative
curch
curcuit
currenly
curriculem
cxan
cyclinder
dacquiri
daed
dael
dael
dalmation
damenor
dammage
Dardenelles
daugher
debateable
decendant
decendants
decendent
decendents
decideable
decidely
decieved
decison
decomissioned
decomposit
decomposited
decompositing
decomposits
decress
decribe
decribed
decribes
decribing
dectect
defendent
defendents
deffensively
deffine
deffined
definance
definate
definately
definatly
definetly
definining
definit
definitly
definiton
defintion
degrate
delagates
delapidated
delerious
delevopment
deliberatly
delusionally
demenor
demographical
demolision
demorcracy
demostration
denegrating
densly
deparment
deparmental
deparments
dependance
dependancy
dependant
deram
deram
deriviated
derivitive
derogitory
descendands
descibed
descision
descisions
descriibes
descripters
descripton
desctruction
descuss
desgined
deside
desigining
desinations
desintegrated
desintegration
desireable
desitned
desktiop
desorder
desoriented
desparate
desparate
despict
despiration
dessicated
dessigned
destablized
destory
detailled
detatched
deteoriated
deteriate
deterioriating
determinining
detremental
devasted
develope
developement
developped
develpment
devels
devestated
devestating
devide
devided
devistating
devolopement
diablical
diamons
diaster
dichtomy
diconnects
dicover
dicovered
dicovering
dicovers
dicovery
dictionarys
dicussed
didnt
diea
diea
dieing
dieing
dieties
diety
diferent
diferrent
differentiatiations
differnt
difficulity
diffrent
dificulties
dificulty
dimenions
dimention
dimentional
dimentions
dimesnional
diminuitive
dimunitive
diosese
diphtong
diphtongs
diplomancy
dipthong
dipthongs
directoty
dirived
disagreeed
disapeared
disapointing
disappearred
disaproval
disasterous
disatisfaction
disatisfied
disatrous
discontentment
discribe
discribed
discribes
discribing
disctinction
disctinctive
disemination
disenchanged
disiplined
disobediance
disobediant
disolved
disover
dispair
disparingly
dispence
dispenced
dispencing
dispicable
dispite
dispostion
disproportiate
disputandem
disricts
dissagreement
dissapear
dissapearance
dissapeared
dissapearing
dissapears
dissappear
dissappears
dissappointed
dissarray
dissobediance
dissobediant
dissobedience
dissobedient
distiction
distingish
distingished
distingishes
distingishing
distingquished
distrubution
distruction
distructive
ditributed
diversed
diversed
divice
divinition
divison
divisons
dum
doccument
doccumented
doccuments
docrines
doctines
documenatry
doens
doesnt
doign
dominaton
dominent
dominiant
donig
dosen't
doub
doub
doulbe
dowloads
dramtic
draughtman
Dravadian
dreasm
driectly
drnik
druming
drummless
dupicate
durig
durring
duting
dyas
eahc
ealier
earlies
earnt
ecclectic
eceonomy
ecidious
eclispe
ecomonic
ect
eearly
efel
effeciency
effecient
effeciently
efficency
efficent
efficently
efford
efford
effords
effords
effulence
eigth
eigth
eiter
elction
electic
electic
electon
electon
electrial
electricly
electricty
elementay
eleminated
eleminating
eles
eletricity
elicided
eligable
elimentary
ellected
elphant
embarass
embarassed
embarassing
embarassment
embargos
embarras
embarrased
embarrasing
embarrasment
embezelled
emblamatic
eminate
eminated
emision
emited
emiting
emition
emition
emmediately
emmigrated
emmigrated
emminent
emminent
emminently
emmisaries
emmisarries
emmisarry
emmisary
emmision
emmisions
emmited
emmiting
emmitted
emmitting
emnity
emperical
emphaised
emphsis
emphysyma
empirial
empirial
emporer
emprisoned
enameld
enchancement
encouraing
encryptiion
encylopedia
endevors
endevour
endig
endolithes
enduce
ened
enforceing
engagment
engeneer
engeneering
engieneer
engieneers
enlargment
enlargments
Enlish
Enlish
enourmous
enourmously
ensconsed
entaglements
enteratinment
enthusiatic
entitity
entitlied
entrepeneur
entrepeneurs
enviorment
enviormental
enviormentally
enviorments
enviornment
enviornmental
enviornmentalist
enviornmentally
enviornments
enviroment
enviromental
enviromentalist
enviromentally
enviroments
envolutionary
envrionments
enxt
epidsodes
epsiode
equialent
equilibium
equilibrum
equiped
equippment
equitorial
equivelant
equivelent
equivilant
equivilent
equivlalent
erally
erally
eratic
eratically
eraticly
erested
erested
errupted
esential
esitmated
esle
especialy
essencial
essense
essentail
essentialy
essentual
essesital
estabishes
establising
ethnocentricm
ethose
ethose
Europian
Europians
Eurpean
Eurpoean
evenhtually
eventally
eventhough
eventially
eventualy
everthing
everytime
everyting
eveyr
evidentally
exagerate
exagerated
exagerates
exagerating
exagerrate
exagerrated
exagerrates
exagerrating
examinated
exampt
exapansion
excact
excange
excecute
excecuted
excecutes
excecuting
excecution
excedded
excelent
excell
excellance
excellant
excells
excercise
exchanching
excisted
exculsivly
execising
exection
exectued
exeedingly
exelent
exellent
exemple
exept
exeptional
exerbate
exerbated
exerciese
exerpt
exerpts
exersize
exerternal
exhalted
exhibtion
exibition
exibitions
exicting
exinct
existance
existant
existince
exliled
exludes
exmaple
exonorate
exoskelaton
expalin
expatriot
expeced
expecially
expeditonary
expeiments
expell
expells
experiance
experianced
expiditions
expierence
explaination
explaning
explictly
exploititive
explotation
expropiated
expropiation
exressed
extemely
extention
extentions
extered
extermist
extint
extint
extradiction
extraterrestial
extraterrestials
extravagent
extrememly
extremeophile
extremly
extrordinarily
extrordinary
eyar
eyar
eyars
eyars
eyasr
eyasr
faciliate
faciliated
faciliates
facilites
facillitate
facinated
facist
familes
familliar
famoust
fanatism
Farenheit
fatc
faught
favoutrable
feasable
Febuary
Feburary
fedreally
femminist
feromone
fertily
fianite
fianlly
ficticious
fictious
fidn
fiel
fiel
fiels
fiels
fiercly
fightings
filiament
fimilies
finacial
finaly
financialy
firends
firts
firts
fisionable
flamable
flawess
fleed
fleed
Flemmish
florescent
flourescent
flourine
fluorish
flourishment
follwoing
folowing
fomed
fomr
fomr
fonetic
fontrier
foootball
forbad
forbiden
foreward
forfiet
forhead
foriegn
Formalhaut
formallize
formallized
formaly
formaly
formelly
formidible
formost
forsaw
forseeable
fortelling
forunner
foucs
foudn
fougth
foundaries
foundary
Foundland
fourties
fourty
fouth
foward
Fransiscan
Fransiscans
freind
freindly
frequentily
frome
fromed
froniter
fucntion
fucntioning
fufill
fufilled
fulfiled
fullfill
fullfilled
fundametal
fundametals
funguses
funtion
furuther
futher
futhermore
futhroc
futhroc
gae
gae
galatic
Galations
gallaxies
galvinized
Gameboy
ganerate
ganes
ganster
garantee
garanteed
garantees
gardai
garnison
gauarana
gaurantee
gauranteed
gaurantees
gaurd
gaurd
gaurentee
gaurenteed
gaurentees
geneological
geneologies
geneology
generaly
generatting
genialia
geographicial
geometrician
geometricians
gerat
Ghandi
glamourous
glight
gnawwed
godess
godesses
Godounov
gogin
gogin
goign
gonig
Gothenberg
Gottleib
gouvener
govement
govenment
govenrment
goverance
goverment
govermental
governer
governmnet
govorment
govormental
govornment
gracefull
graet
grafitti
gramatically
grammaticaly
grammer
grat
gratuitious
greatful
greatfully
greif
gridles
gropu
grwo
Guaduloupe
Guaduloupe
Guadulupe
Guadulupe
guage
guarentee
guarenteed
guarentees
Guatamala
Guatamalan
guerrila
guerrilas
guidence
Guilia
Guilio
Guiness
Guiseppe
gunanine
gurantee
guranteed
gurantees
guttaral
gutteral
habaeus
habeus
Habsbourg
haemorrage
haev
haev
halarious
Hallowean
Hallowean
halp
hapen
hapened
hapening
happend
happended
happenned
harased
harases
harasment
harasments
harassement
harras
harrased
harrases
harrasing
harrasment
harrasments
harrassed
harrasses
harrassing
harrassment
harrassments
hasnt
Hatian
haviest
headquarer
headquater
headquatered
headquaters
healthercare
heared
heathy
Heidelburg
heigher
heirarchy
heiroglyphics
helment
helpfull
helpped
hemmorhage
herad
herad
heridity
heroe
heros
hertiage
hertzs
hesistant
heterogenous
hieght
hierachical
hierachies
hierachy
hierarcical
hierarcy
hieroglph
hieroglphs
higer
higest
higway
hillarious
himselv
hinderance
hinderence
hindrence
hipopotamus
hismelf
histocompatability
historicians
hitsingles
holf
holliday
homestate
homogeneize
homogeneized
honory
horrifing
hosited
hospitible
hounour
housr
housr
howver
hsitorians
hstory
hten
hten
htere
htere
htey
htikn
hting
htink
htis
humer
humer
humerous
humerous
huminoid
humoural
humurous
husban
hvae
hvaing
hvea
hvea
hwihc
hwile
hwole
hydogen
hydropile
hydropilic
hydropobe
hydropobic
hygeine
hypocracy
hypocrasy
hypocricy
hypocrit
hypocrits
iconclastic
idaeidae
idaes
idealogies
idealogy
identicial
identifers
ideosyncratic
idesa
idesa
idiosyncracy
Ihaca
illegimacy
illegitmate
illess
illiegal
illution
ilness
ilogical
imagenary
imagin
imaginery
imaginery
imanent
imanent
imcomplete
imediately
imense
imigrant
imigrant
imigrated
imigrated
imigration
imigration
iminent
iminent
immediatley
immediatly
immidately
immidiately
immitate
immitated
immitating
immitator
immunosupressant
impecabbly
impedence
implamenting
impliment
implimented
imploys
importamt
impressario
imprioned
imprisonned
improvision
improvments
inablility
inaccessable
inadiquate
inadquate
inadvertant
inadvertantly
inagurated
inaguration
inappropiate
inaugures
inbalance
inbalanced
inbetween
incarcirated
incidentially
incidently
inclreased
includ
includng
incompatabilities
incompatability
incompatable
incompatablities
incompatablity
incompatiblities
incompatiblity
incompetance
incompetant
incomptable
incomptetent
inconsistant
incoroporated
incorperation
incorportaed
incorprates
incorruptable
incramentally
increadible
incredable
inctroduce
inctroduced
incuding
incunabla
indefinately
indefineable
indefinitly
indentical
indepedantly
indepedence
independance
independant
independantly
independece
independendet
indespensable
indespensible
indictement
indigineous
indipendence
indipendent
indipendently
indispensible
indisputible
indisputibly
indite
individualy
indpendent
indpendently
indulgue
indutrial
indviduals
inefficienty
inevatible
inevitible
inevititably
infalability
infallable
infectuous
infered
infilitrate
infilitrated
infilitration
infinit
inflamation
influencial
influented
infomation
informtion
infrantryman
infrigement
ingenius
ingreediants
inhabitans
inherantly
inheritage
inheritage
inheritence
inital
initally
initation
initiaitive
inlcuding
inmigrant
inmigrants
innoculated
inocence
inofficial
inot
inpeach
inpending
inpenetrable
inpolite
inprisonment
inproving
insectiverous
insensative
inseperable
insistance
insitution
insitutions
inspite
inspite
instade
instatance
institue
instuction
instuments
instutionalized
instutions
insurence
intelectual
inteligence
inteligent
intenational
intented
intented
intepretation
intepretator
interational
interbread
interbread
interchangable
interchangably
intercontinential
intercontinetal
intered
intered
interelated
interferance
interfereing
intergrated
intergration
interm
internation
interpet
interrim
interrugum
intertaining
interupt
intervines
intevene
intial
intially
intrduced
intrest
introdued
intruduced
intrument
intrumental
intruments
intrusted
intutive
intutively
inudstry
inumerable
inumerable
inventer
invertibrates
investingate
involvment
irelevent
iresistable
iresistably
iresistible
iresistibly
iritable
iritated
ironicly
irregardless
irrelevent
irreplacable
irresistable
irresistably
isnt
Israelies
issueing
itnroduced
iunior
iwll
iwth
Janurary
Januray
Japanes
jaques
jeapardy
jewllery
Johanine
jorunal
Jospeh
jouney
journied
journies
jstu
jsut
Juadaism
Juadism
judical
judisuary
juducial
juristiction
juristictions
kindergarden
klenex
knifes
knive
knowlege
knowlegeable
knwo
knwos
konw
konws
kwno
labatory
labatory
labled
labled
labratory
laguage
laguages
larg
largst
larrry
lastr
lattitude
launchs
launchs
launhed
lavae
layed
lazyness
leage
leanr
leanr
leathal
lefted
legitamate
legitmate
leibnitz
lenght
leran
lerans
leutenant
levetate
levetated
levetates
levetating
levle
liasion
liason
liasons
libary
libell
libguistic
libguistics
libitarianisn
lible
lible
lieing
liek
liekd
liesure
lieuenant
lieved
liftime
lightyear
lightyears
likelyhood
linnaena
lippizaner
liquify
liscense
liscense
lisence
lisence
lisense
lisense
listners
litature
literaly
literture
littel
litterally
liuke
livley
lmits
loev
lonelyness
longitudonal
lonley
lonly
lonly
loosing
lotharingen
lsat
lukid
lveo
lvoe
Lybia
maching
maching
mackeral
magasine
magizine
magisine
magincian
magnificient
magolia
mailny
maintainance
maintainence
maintance
maintenence
maintinaing
maintioned
majoroty
maked
maked
makse
Malcom
maltesian
mamal
mamalian
managable
managable
managment
maneouvre
maneouvred
maneouvres
maneouvring
manisfestations
manoeuverability
manouver
manouver
manouverability
manouverability
manouverable
manouverable
manouvers
manouvers
mantained
manuever
manuever
manuevers
manuevers
manufacturedd
manufature
manufatured
manufaturing
manuver
mariage
marjority
markes
marketting
marmelade
marrage
marraige
marrtyred
marryied
Massachussets
Massachussetts
massmedia
masterbation
mataphysical
materalists
mathamatics
mathematican
mathematicas
matheticians
mathmatically
mathmatician
mathmaticians
mccarthyst
mchanics
meaninng
mear
mear
mechandise
medacine
medeival
medevial
mediciney
medievel
mediterainnean
Mediteranean
meerkrat
melieux
membranaphone
memeber
menally
meranda
meranda
mercentile
messanger
messenging
metalic
metalurgic
metalurgical
metalurgy
metamorphysis
metaphoricial
meterologist
meterology
methaphor
methaphors
Michagan
micoscopy
midwifes
mileau
milennia
milennium
mileu
miliary
miligram
milion
miliraty
millenia
millenial
millenialism
millenium
millepede
millioniare
millitary
millon
miltary
minature
minerial
ministery
minsitry
minstries
minstry
minumum
mirrorred
miscelaneous
miscellanious
miscellanous
mischeivous
mischevious
mischievious
misdameanor
misdameanors
misdemenor
misdemenors
misfourtunes
misile
Misouri
mispell
mispelled
mispelling
missen
Missisipi
Missisippi
missle
missonary
misterious
mistery
misteryous
mkae
mkaes
mkaing
mkea
moderm
modle
moent
moeny
mohammedans
moil
moil
moleclues
momento
monestaries
monestary
monestary
monickers
monolite
Monserrat
montains
montanous
Montnana
monts
montypic
moreso
moreso
morgage
Morisette
Morrisette
morroccan
morrocco
morroco
mortage
mosture
motiviated
mounth
movei
movment
mroe
mucuous
muder
mudering
muhammadan
multicultralism
multipled
multiplers
munbers
muncipalities
muncipality
munnicipality
muscels
muscels
muscial
muscician
muscicians
mutiliated
myraid
mysef
mysogynist
mysogyny
mysterous
Mythraic
naieve
Naploeon
Napolean
Napoleonian
naturaly
naturely
naturual
naturually
Nazereth
neccesarily
neccesary
neccessarily
neccessary
neccessities
necesarily
necesary
necessiate
neglible
negligable
negociate
negociation
negociations
negotation
neice
neice
neigborhood
neigbour
neigbour
neigbourhood
neigbouring
neigbouring
neigbours
neigbours
neolitic
nessasarily
nessecary
nestin
neverthless
newletters
nickle
nightfa;;
nightime
nineth
ninteenth
ninties
ninty
nkow
nkwo
nmae
noncombatents
nonsence
nontheless
noone
norhern
northen
northereastern
notabley
noteable
noteably
noteriety
noth
nothern
noticable
noticably
noticeing
noticible
notwhithstanding
noveau
Novermber
nowdays
nowe
nto
nucular
nuculear
nuisanse
Nullabour
numberous
Nuremburg
nusance
nutritent
nutritents
nuturing
obediance
obediant
obession
obssessed
obstacal
obstancles
obstruced
ocasion
ocasional
ocasionally
ocasionaly
ocasioned
ocasions
ocassion
ocassional
ocassionally
ocassionaly
ocassioned
ocassions
occaison
occassion
occassional
occassionally
occassionaly
occassioned
occassions
occationally
occour
occurance
occurances
occured
occurence
occurences
occuring
occurr
occurrance
occurrances
octohedra
octohedral
octohedron
ocuntries
ocuntry
ocurr
ocurrance
ocurred
ocurrence
offcers
offcially
offereings
offical
offically
officals
officaly
officialy
offred
oftenly
oging
oging
omision
omited
omiting
omlette
ommision
ommited
ommiting
ommitted
ommitting
omniverous
omniverously
omre
onot
onot
onyl
openess
oponent
oportunity
opose
oposite
oposition
oppenly
oppinion
opponant
oppononent
oppositition
oppossed
opprotunity
opression
opressive
opthalmic
opthalmologist
opthalmology
opthamologist
optmizations
optomism
orded
organim
organistion
organiztion
orgin
orgin
orginal
orginally
orginize
oridinarily
origanaly
originall
originall
originaly
originially
originnally
origional
orignally
orignially
otehr
oublisher
ouevre
oustanding
overshaddowed
overthere
overwelming
overwheliming
owrk
owudl
oxigen
oximoron
p0enis
paide
paitience
palce
palce
paleolitic
paliamentarian
Palistian
Palistinian
Palistinians
pallete
pamflet
pamplet
pantomine
Papanicalou
paralel
paralell
paralelly
paralely
parallely
paranthesis
paraphenalia
parellels
parisitic
parituclar
parliment
parrakeets
parralel
parrallel
parrallell
parrallelly
parrallely
partialy
particually
particualr
particuarly
particularily
particulary
pary
pased
pasengers
passerbys
pasttime
pastural
paticular
pattented
pavillion
payed
pblisher
pbulisher
peacefuland
peageant
peaple
peaples
peculure
pedestrain
peformed
peice
Peloponnes
penatly
penerator
penisula
penisular
penninsula
penninsular
pennisula
Pennyslvania
pensle
pensinula
peom
peoms
peopel
peopels
peotry
perade
percepted
percieve
percieved
perenially
perfomance
perfomers
performence
performes
performes
perhasp
perheaps
perhpas
peripathetic
peristent
perjery
perjorative
permanant
permenant
permenantly
permissable
perogative
peronal
perpertrated
perosnality
perphas
perpindicular
persan
perseverence
persistance
persistant
personel
personel
personell
personnell
persuded
persue
persued
persuing
persuit
persuits
pertubation
pertubations
pessiary
petetion
Pharoah
phenomenom
phenomenonal
phenomenonly
phenomonenon
phenomonon
phenonmena
Philipines
philisopher
philisophical
philisophy
Phillipine
Phillipines
Phillippines
phillosophically
philospher
philosphies
philosphy
Phonecian
phongraph
phylosophical
physicaly
piblisher
pich
pilgrimmage
pilgrimmages
pinapple
pinnaple
pinoneered
plagarism
planation
planed
plantiff
plateu
plausable
playright
playwrite
playwrites
pleasent
plebicite
plesant
poenis
poeoples
poety
poisin
polical
polinator
polinators
politican
politicans
poltical
polute
poluted
polutes
poluting
polution
polyphonyic
polysaccaride
polysaccharid
pomegranite
pomotion
poportional
popoulation
popularaty
populare
populer
porshan
porshon
portait
portayed
portraing
Portugese
portuguease
portugues
posess
posessed
posesses
posessing
posession
posessions
posion
positon
positon
possable
possably
posseses
possesing
possesion
possessess
possibile
possibilty
possiblility
possiblilty
possiblities
possiblity
possition
Postdam
posthomous
postion
postive
potatos
potrait
potrayed
poulations
poverful
poweful
powerfull
ppublisher
practial
practially
practicaly
practicioner
practicioners
practicly
practioner
practioners
prairy
prarie
praries
pratice
preample
precedessor
preceed
preceeded
preceeding
preceeds
precentage
precice
precisly
precurser
predecesors
predicatble
predicitons
predomiantly
prefered
prefering
preferrably
pregancies
preiod
preliferation
premeire
premeired
premillenial
preminence
premission
Premonasterians
preocupation
prepair
prepartion
prepatory
preperation
preperations
preriod
presedential
presense
presidenital
presidental
presitgious
prespective
prestigeous
prestigous
presumabely
presumibly
pretection
prevelant
preverse
previvous
pricipal
priciple
priestood
primarly
primative
primatively
primatives
primordal
principlaity
principaly
principial
principly
prinicipal
privalege
privaleges
priveledges
privelege
priveleged
priveleges
privelige
priveliged
priveliges
privelleges
privilage
priviledge
priviledges
privledge
privte
probabilaty
probablistic
probablly
probalibity
probaly
probelm
proccess
proccessing
procede
procede
proceded
proceded
procedes
procedes
procedger
proceding
proceding
procedings
proceedure
proces
processer
proclaimation
proclamed
proclaming
proclomation
profesion
profesion
profesor
professer
proffesed
proffesion
proffesional
proffesor
profilic
progessed
progidy
programable
progrom
progrom
progroms
progroms
prohabition
prologomena
prominance
prominant
prominantly
prominately
prominately
promiscous
promotted
pronomial
pronouced
pronounched
pronounciation
proove
prooved
prophacy
propietary
propmted
propoganda
propogate
propogates
propogation
propostion
propotions
propper
propperly
proprietory
proseletyzing
protaganist
protaganists
protocal
protoganist
protrayed
protruberance
protruberances
prouncements
provacative
provded
provicial
provinicial
provisiosn
provisonal
proximty
pseudononymous
pseudonyn
psuedo
psycology
psyhic
pubilsher
pubisher
publiaher
publically
publicaly
publicher
publihser
publisehr
publiser
publisger
publisheed
publisherr
publishher
publishor
publishre
publissher
publlisher
publsiher
publusher
puchasing
Pucini
Puertorrican
Puertorricans
pulisher
pumkin
puplisher
puritannical
purposedly
purpotedly
pursuade
pursuaded
pursuades
pususading
puting
pwoer
pyscic
qtuie
qtuie
quantaty
quantitiy
quarantaine
Queenland
questonable
quicklyu
quinessential
quitted
quizes
qutie
qutie
rabinnical
racaus
radiactive
radify
raelly
rarified
reaccurring
reacing
reacll
readmition
realitvely
realsitic
realtions
realy
realyl
reasearch
rebiulding
rebllions
rebounce
reccomend
reccomendations
reccomended
reccomending
reccommend
reccommended
reccommending
reccuring
receeded
receeding
receivedfrom
recepient
recepients
receving
rechargable
reched
recide
recided
recident
recidents
reciding
reciepents
reciept
recieve
recieved
reciever
recievers
recieves
recieving
recipiant
recipiants
recived
recivership
recogise
recogize
recomend
recomended
recomending
recomends
recommedations
recompence
reconaissance
reconcilation
reconized
reconnaisance
reconnaissence
recontructed
recordproducer
recquired
recrational
recrod
recuiting
recuring
recurrance
rediculous
reedeming
reenforced
refect
refedendum
referal
referece
refereces
refered
referemce
referemces
referencs
referenece
refereneced
refereneces
referiang
refering
refernce
refernce
refernces
referrence
referrences
referrs
reffered
refference
reffering
refrence
refrences
refrers
refridgeration
refridgerator
refromist
refusla
regardes
regluar
reguarly
regulaion
regulaotrs
regularily
rehersal
reicarnation
reigining
reknown
reknowned
rela
relaly
relatiopnship
relativly
relected
releive
releived
releiver
releses
relevence
relevent
reliablity
relient
religeous
religous
religously
relinqushment
relitavely
relized
relized
relpacement
remaing
remeber
rememberable
rememberance
remembrence
remenant
remenicent
reminent
reminescent
reminscent
reminsicent
rendevous
rendezous
renedered
renewl
rennovate
rennovated
rennovating
rennovation
rentors
reoccurrence
reorganision
repatition
repatition
repblic
repblican
repblicans
repblics
repectively
repeition
repentence
repentent
repeteadly
repetion
repid
reponse
reponsible
reportadly
represantative
representive
representives
reproducable
reprtoire
repsectively
reptition
repubic
repubican
repubicans
repubics
republi
republian
republians
republis
repulic
repulican
repulicans
repulics
requirment
requred
resaurant
resembelance
resembes
resemblence
resevoir
residental
resignement
resistable
resistence
resistent
respectivly
responce
responibilities
responisble
responnsibilty
responsability
responsibile
responsibilites
responsiblities
responsiblity
ressemblance
ressemble
ressembled
ressemblence
ressembling
resssurecting
ressurect
ressurected
ressurection
ressurrection
restarant
restarants
restaraunt
restaraunteur
restaraunteurs
restaraunts
restauranteurs
restauration
restauraunt
resteraunt
resteraunts
resticted
restraunt
restraunt
resturant
resturants
resturaunt
resturaunts
resurecting
retalitated
retalitation
retreive
returnd
revaluated
reveiw
reveral
reversable
revolutionar
rewitten
rewriet
rference
rferences
rhymme
rhythem
rhythim
rhytmic
rigeur
rigeur
rigourous
rininging
rised
rised
Rockerfeller
rococco
rocord
roomate
rougly
rucuperate
rudimentatry
rulle
runing
runnung
russina
Russion
rwite
rythem
rythim
rythm
rythmic
rythyms
sacrafice
sacreligious
Sacremento
sacrifical
saftey
safty
salery
sanctionning
sandwhich
Sanhedrim
santioned
sargant
sargeant
sasy
sasy
satelite
satelites
Saterday
Saterdays
satisfactority
satric
satrical
satrically
sattelite
sattelites
saught
saveing
saxaphone
scaleable
scandanavia
scaricity
scavanged
schedual
scholarhip
scholarstic
scholarstic
scientfic
scientifc
scientis
scince
scinece
scirpt
scoll
screenwrighter
scrutinity
scuptures
seach
seached
seaches
secceeded
secceeded
seceed
seceed
seceeded
seceeded
secratary
secretery
sedereal
seeked
segementation
seguoys
seige
seing
seinor
seldomly
senarios
sence
sence
senstive
sensure
seperate
seperated
seperately
seperates
seperating
seperation
seperatism
seperatist
sepina
sepulchure
sepulchure
sepulcre
sepulcre
sergent
settelement
settlment
severeal
severley
severly
sevice
shadasloo
shaddow
shadoloo
shamen
shamen
sheat
sheat
sheild
sherif
shineing
shiped
shiping
shopkeeepers
shorly
shortwhile
shoudl
shoudln
shoudln
shouldnt
shreak
shrinked
sicne
sideral
sieze
sieze
siezed
siezed
siezing
siezing
siezure
siezures
siginificant
signficant
signficiant
signfies
signifantly
significently
signifigant
signifigantly
signitories
signitory
similarily
similiar
similiarity
similiarly
simmilar
simpley
simplier
simultanous
simultanously
sincerley
singsog
sinse
sinse
Sionist
Sionists
Sixtin
Skagerak
skateing
slaugterhouses
slighly
slippy
slowy
smae
smealting
smoe
sneeks
snese
socalism
socities
soem
sofware
sohw
soilders
solatary
soley
soliders
soliliquy
soluable
somene
somtimes
somwhere
sophicated
sophmore
sorceror
sorrounding
sotry
sotyr
sotyr
soudn
soudns
sould
sould
sountrack
sourth
sourthern
souvenier
souveniers
soveits
sovereignity
soverign
soverignity
soverignty
spainish
speach
specfic
speciallized
speciallized
specif
specif
specifiying
speciman
spectauclar
spectaulars
spects
spects
spectum
speices
spendour
spermatozoan
spoace
sponser
sponsered
spontanous
sponzored
spoonfulls
sppeches
spreaded
sprech
spred
spriritual
spritual
sqaure
stablility
stainlees
staion
standars
stange
startegic
startegies
startegy
stateman
statememts
statment
steriods
sterotypes
stilus
stingent
stiring
stirrs
stlye
stomache
stong
stopry
storeis
storise
stornegst
stoyr
stpo
stradegies
stradegy
strat
strat
stratagically
streemlining
stregth
strenghen
strenghened
strenghening
strenght
strenghten
strenghtened
strenghtening
strengtened
strenous
strictist
strikely
strnad
stroy
stroy
structual
stubborness
stucture
stuctured
studdy
studing
stuggling
sturcture
subcatagories
subcatagory
subconsiously
subjudgation
submachne
subpecies
subsidary
subsiduary
subsquent
subsquently
substace
substancial
substatial
substituded
substract
substracted
substracting
substraction
substracts
subtances
subterranian
suburburban
succceeded
succcesses
succedded
succeded
succeds
succesful
succesfully
succesfuly
succesion
succesive
successfull
successully
succsess
succsessfull
suceed
suceeded
suceeding
suceeds
sucesful
sucesfully
sucesfuly
sucesion
sucess
sucesses
sucessful
sucessfull
sucessfully
sucessfuly
sucession
sucessive
sucessor
sucessot
sucide
sucidial
sufferage
sufferred
sufferring
sufficent
sufficently
sumary
sunglases
suop
superceeded
superintendant
suphisticated
suplimented
supose
suposed
suposedly
suposes
suposing
supplamented
suppliementing
suppoed
supposingly
suppy
suprassing
supress
supressed
supresses
supressing
suprise
suprised
suprising
suprisingly
suprize
suprized
suprizing
suprizingly
surfce
surley
surley
suround
surounded
surounding
suroundings
surounds
surplanted
surpress
surpressed
surprize
surprized
surprizing
surprizingly
surrended
surrended
surrepetitious
surrepetitiously
surreptious
surreptiously
surronded
surrouded
surrouding
surrundering
surveilence
surveill
surveyer
surviver
survivers
survivied
suseptable
suseptible
suspention
swaer
swaers
swepth
swiming
syas
symetrical
symetrically
symetry
symettric
symmetral
symmetricaly
synagouge
syncronization
synonomous
synonymns
synphony
syphyllis
sypmtoms
syrap
sysmatically
sytem
sytle
tabacco
tahn
taht
talekd
targetted
targetting
tast
tath
tatoo
tattooes
taxanomic
taxanomy
teached
techician
techicians
techiniques
technitian
technnology
technolgy
teh
tehy
telelevision
televsion
telphony
temerature
tempalte
tempaltes
temparate
temperarily
temperment
tempertaure
temperture
temprary
tenacle
tenacles
tendacy
tendancies
tendancy
tennisplayer
tepmorarily
terrestial
terriories
terriory
territorist
territoy
terroist
testiclular
testomony
tghe
thast
thast
theather
theese
theif
theives
themselfs
themslves
ther
ther
therafter
therby
theri
theyre
thgat
thge
thier
thign
thigns
thigsn
thikn
thikning
thikning
thikns
thiunk
thn
thna
thne
thnig
thnigs
thoughout
threatend
threatning
threee
threshhold
thrid
throrough
throughly
throught
throught
througout
thru
thsi
thsoe
thta
thyat
tiem
tiem
tihkn
tihs
timne
tiome
tiome
tje
tjhe
tjpanishad
tkae
tkaes
tkaing
tlaking
tobbaco
todays
todya
toghether
toke
tolerence
Tolkein
tomatos
tommorow
tommorrow
tongiht
toriodal
tormenters
tornadoe
torpeados
torpedos
tothe
toubles
tounge
tourch
tourch
towords
towrad
tradionally
traditionaly
traditionnal
traditition
tradtionally
trafficed
trafficing
trafic
trancendent
trancending
tranform
tranformed
transcendance
transcendant
transcendentational
transcripting
transcripting
transending
transesxuals
transfered
transfering
transformaton
transistion
translater
translaters
transmissable
transporation
tremelo
tremelos
triguered
triology
troling
troup
troups
troups
truely
trustworthyness
turnk
turnk
Tuscon
tust
twelth
twon
twpo
tyhat
tyhe
typcial
typicaly
tyranies
tyrany
tyrranies
tyrrany
ubiquitious
ublisher
uise
Ukranian
ultimely
unacompanied
unahppy
unanymous
unathorised
unavailible
unballance
unbeknowst
unbeleivable
uncertainity
unchallengable
unchangable
uncompetive
unconcious
unconciousness
unconfortability
uncontitutional
unconvential
undecideable
understoon
undesireable
undetecable
undoubtely
undreground
uneccesary
unecessary
unequalities
unforseen
unforetunately
unforgetable
unforgiveable
unfortunatley
unfortunatly
unfourtunately
unihabited
unilateraly
unilatreal
unilatreally
uninterruped
uninterupted
UnitesStates
univeral
univeristies
univeristy
univerity
universtiy
univesities
univesity
unkown
unlikey
unmanouverable
unmanouverable
unmistakeably
unneccesarily
unneccesary
unneccessarily
unneccessary
unnecesarily
unnecesary
unoffical
unoperational
unoticeable
unplease
unplesant
unprecendented
unprecidented
unrepentent
unrepetant
unrepetent
unsed
unsed
unsubstanciated
unsuccesful
unsuccesfully
unsuccessfull
unsucesful
unsucesfuly
unsucessful
unsucessfull
unsucessfully
unsuprised
unsuprising
unsuprisingly
unsuprized
unsuprizing
unsuprizingly
unsurprized
unsurprizing
unsurprizingly
untill
untranslateable
unuseable
unusuable
unviersity
unwarrented
unweildly
unwieldly
upcomming
upgradded
upto
usally
useage
usefull
usefuly
useing
usualy
ususally
vaccum
vaccume
vacinity
vaguaries
vaieties
vailidty
valetta
valuble
valueable
varations
varient
variey
varing
varities
varity
vasall
vasalls
vegatarian
vegitable
vegitables
vegtable
vehicule
vell
venemous
vengance
vengence
verfication
verison
verisons
vermillion
versitilaty
versitlity
vetween
veyr
vigeur
vigeur
vigilence
vigourous
villian
villification
villify
villin
villin
vincinity
violentce
virtualy
virutal
virutally
visable
visably
visting
vistors
vitories
volcanoe
voleyball
volontary
volonteer
volonteered
volonteering
volonteers
volounteer
volounteered
volounteering
volounteers
volumne
vreity
vrey
vriety
vulnerablility
vyer
vyre
waht
warantee
wardobe
warrent
warrriors
wasnt
wass
watn
wayword
weaponary
weas
wehn
weild
weild
weilded
wendsay
wensday
wereabouts
whant
whants
whcih
wheras
wherease
whereever
whic
whihc
whith
whlch
whn
wholey
wholy
wholy
whta
whther
wich
wich
widesread
wief
wierd
wiew
wih
wiht
wille
willk
willingless
wirting
withdrawl
withdrawl
witheld
withh
withing
withold
witht
witn
wiull
wnat
wnated
wnats
wohle
wokr
wokring
wonderfull
wordlwide
workststion
worls
worstened
woudl
wresters
wriet
writen
wroet
wrok
wroking
wtih
wupport
xenophoby
yaching
yaer
yaerly
yaers
yatch
yearm
yeasr
yeild
yeilding
Yementite
Yementite
yera
yrea
yeras
yersa
yotube
youseff
youself
ytou
yuo
zeebra


Correct Words
===========================
abandoned
aberration
abilities
ability
abandon
about
about
about a
about it
about the
absence
abandoned
abandoning
abandons
aborigine
accessories
accident
abortifacient
abbreviate
abbreviated
abbreviation
arbitrary
abseil
abseiling
absence
absolutely
absorption
absorption
abundance
abundances
abundances
abundant
abuts
academy
academic
academic
academy
accused
acceleration
accession
ascension
acceptance
acceptable
accessible
accident
accidentally
accidentally
acclimatization
accommodate
accommodated
accommodates
accommodating
accommodation
accommodations
accommodate
accommodate
accommodated
accommodates
accommodating
accommodation
accommodations
accompanied
accordion
accordion
according
acoustic
acquainted
accreditation
accreditation
across
accused
academic
achieve
achieved
achievement
achievements
achieves
achieving
achievement
achievements
achievement
achievements
achieve
archive
achieved
archived
achievement
achievements
acknowledged
acknowledging
awkward
backward
accommodate
accomplish
accomplished
accomplishment
accomplishments
according
accordingly
acquaintance
acquaintances
acquaintance
acquaintances
acquitted
activities
actively
actually
accuracy
accused
accustom
accustomed
advanced
abandon
additional
additionally
additionally
additionally
additional
additionally
admission
adopt
adopted
adoptive
address
adders
addressable
addressed
addressing
addresses
addition
additional
adequate
adequate
adhering
adherence
amendment
administrative
administered
administrate
administration
administrative
administrator
admissibility
admissible
admitted
admittedly
and
adolescent
acquire
acquired
acquires
acquiring
address
addressable
addressing
address
addressable
addressed
addressing
dressing
adventurous
advertisement
advertisements
adversary
advised
aerial
aerials
affair
aficionados
aficionado
aficionados
affiliate
affiliate
afford
effort
aforementioned
against
against
against
against
aggravates
agreed
agreement
egregious
aggressive
again
against
again
again
angina
against
aggravate
agree
agreed
agreement
agreement
aggregate
aggregates
agreeing
aggression
aggressive
aggressively
aggressor
agriculture
agriculture
agriculture
aggrieved
have
happen
have
aircraft
airport
airborne
aircraft
aircraft
aircraft's
airports
aircraft
asian
albeit
alcohol
alcoholic
alcohol
alcoholic
alcohol
alcoholic
allege
alleged
alleges
allege
alleged
allegiance
algebraic
algorithms
algorithm
algorithms
alienating
allege
alleged
allegedly
alleges
allegedly
allegedly
allegedly
allegiance
allegiance
align
aligned
alleviate
allophone
allophones
already
although
all-time
altogether
almost
alcohol
almost
a lot
allot
allotted
allowed
allowing
already
else
also
alternatives
although
although
although
allusion
illusion
always
always
amalgamated
amateur
armature
amateur
amendment
America
ameliorate
make
making
amend
amended
amendment
amendments
amount
amused
among
amongst
among
ammunition
analogous
analytic
analogous
anarchism
anarchism
and
ancestry
ancillary
and
androgynous
androgyny
annihilation
anniversary
anoint
anointed
anointing
anoints
announced
annually
annulled
another
anomalies
anomalous
anomaly
anonymity
announced
announcement
nasalisation
nasalization
ancestors
antarctic
anthropomorphization
anthropologist
anthropology
annual
annulled
answered
anywhere
any other
anything
apparent
apartment
apennines
Apennines
application
applied
apologetics
upon
apron
apparent
apparently
apart
apartment
apartments
appealing
appalling
appearance
appearance
appearances
apennines
Apennines
appearance
appearances
appearance
appearances
application
applications
apologies
apology
appearance
appreciate
approaches
appropriate
appropriate
appropriate
approximate
approximately
approximately
approximately
apprehensive
appropriate
approval
approximate
approximately
aqueduct
acquaintance
acquainted
acquaintance
acquire
acquired
acquiring
acquisition
acquitted
arranged
arrangement
arbitrarily
arbitrary
archaeological
archaeologists
archaeology
archeology
archaeology
archeology
archaeology
archeologist
archaeologist
archeologists
archaeologists
architect
architects
architectural
architecturally
architecture
archaic
architect
archimedean
architect
architecturally
architecture
architectures
architectural
archetype
archetypes
already
aerodynamics
arguably
argument
arguments
arose
arrival
armament
armistice
arrogant
arrogant
around
arrangement
arrangements
arrangement
arrangements
around
article
article
article
article
artificial
artificially
artillery
around
ascetic
as far
assign
also
associated
absorbed
asphyxiation
assassin
assassinate
assassinated
assassinates
assassination
assassinations
assassinated
assassins
assassination
assemble
assertion
aside
assassinate
assist
assistant
association
associate
associated
associates
assassination
assassins
assault
assaulted
asymmetric
asymmetrical
asteroid
aesthetic
aesthetical
aesthetically
assume
as well
attain
attempting
atheistic
athenian
athenians
atheism
atheist
attorney
attribute
attributed
attributes
attainder
attained
attempt
attempted
attempt
attempted
attempting
attempts
attendance
attendant
attendants
attended
attention
attitude
attributed
atrocities
audience
automated
Australia
Australian
author
autobiographic
autobiography
authoritative
authorities
authority
authorities
authoritative
authorities
autochthonous
autochthonous
automatically
automobile
autonomous
author
authority
auxiliary
auxiliaries
auxiliary
auxiliaries
auxiliary
available
availability
available
available
available
available
available
avalanche
available
aviation
a vengeance
averaged
available
awarded
away
because
background
backgrounds
back
bananas
bandwidth
bankruptcy
bankruptcy
about
bout
basically
basically
back
beachhead
because
bestiality
beautiful
bureaucracy
bureaucratic
beautiful
became
becomes
became
because
because
becoming
becoming
because
because
before
being
before
begin
begging
beginner
beginners
beginning
beginnings
begins
beginning
beginning
behavior
behaviour
beleaguered
belief
believe
believed
believes
believing
belgium
believe
believed
beloved
believes
beliefs
belligerent
bellwether
bemusement
beneficiary
being
beneficial
benefit
benefits
bergamot
Bernoulli
besiege
besieged
besieging
between
between
between
between
beginning
beginning
bilaterally
bilingualism
binomial
bizarre
blame
blamed
blessing
Blitzkrieg
bout
boat, about
bodybuilder
bombardment
bombardment
boundary
Bonanno
book
broke
boundary
buoyancy
buoyant
buoyant
broadcast
Brazilian
breakthrough
breakthroughs
brief
briefly
brethren
brethren
brilliant
brilliant
brimstone
Britain
British
broadcast
broadcasting
broadly
Buddha
Buddhist
business
businessman
buoyancy
burying
burning, burin, during
buried
business
business
businesses
business
business
calculator
caucuses
characters
caliber
calendar
calender, colander
calculator
calculus
calendars
calligraphy
calculate
calculated
calculate
calculated
calculate
calculated
calculator
Cambridge
camouflage
campaign
campaign
campaigns
candidate
candidate
candidate
canister
canisters
cannot
canonical
connotation
connotations
coast
capability
Cape Town
capable
capital
captured
captured
character
characterized
carcass
Caracas
careful
caring
charismatic
Carmelite
Carnegie
Carnegie-Mellon
carnage
Carnegie
carnage
Carnegie
Carnegie
Carnegie-Mellon
carnivorous
career
careers
Caribbean
Caribbean
cartridge
Carthaginian
cartographer
cartilage
cartilage
cartridge
cassette
caisson
cassowary
cassowary
cause
caused
causes
causing
casualties
casualty
categories
categorized
category
Catiline
Catalina
caterpillar
caterpillars
caterpillar
caterpillars
caterpillar
caterpillars
categorize
categorized
caterpillar
caterpillars
caterpillar
caterpillars
catholic
catholicism
caterpillar
caterpillars
caterpillar
caterpillars
battleship
casualties
Caesar
Celsius
cellpadding
cemetery
cemetery
cemeteries
cemetery
census
censor
censure
centennial
centuries
century
centuries
century
certain
keratin
ceremonial
ceremonies
ceremonious
ceremony
ceremony
certainty
certain
cervical
servile, serval
challenging
challenge
challenged
challenge
Champagne
changeable
character
characters
characteristic
character
characters
charismatic
characterized
chairman
characteristics
chaser
chase
chief
chiefs
chemical
chemically
chemistry
chemically
childbirth
children
chosen
character
church
churches
Cincinnati
Cincinnati
circulation
circumcision
circuit
circuit
curriculum
civilian
clear
clearer
clearly
claims
class
classic
classical
classically
clearance
clear
sclera
clinical
clinically
com
computer
coincided
Coca-Cola
cocktail
conform
cognizant
coincidentally
collaborations
collateral
collective
collaborative
collection
colleague
colleagues
colonnade
colonies
colony
colossal
colonizers
commander
commandeer
commando
commandos
company
company
comeback
combinations
combinations
combustion
condemnation
commemorates
commemoration
commission
commissioned
commissioner
commissioning
commissions
commission
commissioned
commissioner
commissioning
commissions
committed
committing
committed
committee
committing
commandos
comedic
commemorative
commemorate
commemorating
commercial
commercially
commercial
commercially
commemorative
coming
communication
commission
commissioned
commissioner
commissioning
commissions
committed
committee
committing
committee
commitment
commitments
commemorated
commonly
commonwealth
communications
communications
communication
communication
communities
compatibility
comparison
comparisons
comparative
comparatively
compatibilities
compatibility
compatible
compatibilities
compatibility
compatible
compatibilities
compatibility
competitions
compensation
competence
competent
competitive
competition
completion
competition
competitive
competitiveness
comprehensive
competent
completed the
completely
completion
compiler
component
comparable
compromise
compulsory
compulsory
computerized
consensus
consider
considered
considering
considers
conceited
conceived
conscious
consciously
consciousness
condemned
condemned
condition
conditions
conditions of
connected
connection
consensus
confidential
confidentially
confides
configurable
comfortable
congratulations
congressional
connived
conjecture
conjunction
Connecticut
connotations
conquered
conqueror
conquerors
conquered
consent
consciousness
consider
considered
considered
consecutive
consequently
concentrate
concentrated
concentrates
concept
consequently
consequences
concern
concerned
concerning
conservative
consciousness
consciousness
considered
considered
conscious
consistent
consistently
constituencies
constituency
constituted
constitution
constitutional
consolidate
consolidated
consonant
consonants
consortium
conspiracies
conspirator
constraints
constantly
consternation
constant
continually
constituent
constituents
constitution
constitutional
construction
construction
construction
consultant
consummate
consummated
contaminate
contains
contemporaries
contemporary
contemporary
contemporaneous
contemporary
contender
contain
contains
contribute
contributed
contributes
contingent
continued
continental
continuous
continuously
continuing
controversial
controversy
contributor
contributors
contributions
controlled
controlling
control
controls
controversial
controversy
controversies
controversial
controversy
controversial
controversy
construction
convenient
covenant
conventional
convertibles
conversion
convinced
convenient
coordination
cooperation
corporation
corporations
competitors
computer
copyright
cordial
committed
corrosion
corporate
corporations
correctors
corresponding
corresponding
correspondent
correspondents
corridors
correspond
correspondent
correspondents
corresponded
corresponding
corresponds
constitution
council
could
cloud
councillor
counselor, councilor
councillors
counselors, councilors
countries
contains
countries
countries
countries', country's
courier
couturier
converted
covered, coveted
coy
copy
created
crche
credence
criterion
criteria
critics
criticising
criticizing
criticising
criticism
criticisms
criticise
criticize
criticised
criticized
criticises
criticizes
criticising
criticizing
criticized
criticizing
crocodiles
crown
critical
criticised
crucifixion
cruises
crystallisation
culminating
cumulative
church
circuit
currently
curriculum
cyan
cylinder
daiquiri
dead
deal
dial, dahl
dalmatian
demeanor
damage
Dardanelles
daughter
debatable
descendant
descendants
descendant
descendants
decidable
decidedly
deceived
decision
decommissioned
decompose
decomposed
decomposing
decomposes
decrees
describe
described
describes
describing
detect
defendant
defendants
defensively
define
defined
defiance
definite
definitely
definitely
definitely
defining
definite
definitely
definition
definition
degrade
delegates
dilapidated
delirious
development
deliberately
delusively
demeanor
demographic
demolition
democracy
demonstration
denigrating
densely
department
departmental
departments
dependence
dependency
dependent
dram
dream
derived
derivative
derogatory
descendants
described
decision
decisions
describes
descriptors
description
destruction
discuss
designed
decide
designing
destinations
disintegrated
disintegration
desirable
destined
desktop
disorder
disoriented
desperate
disparate
depict
desperation
desiccated
designed
destabilized
destroy
detailed
detached
deteriorated
deteriorate
deteriorating
determining
detrimental
devastated
develop
development
developed
development
delves
devastated
devastating
divide
divided
devastating
development
diabolical
diamonds
disaster
dichotomy
disconnects
discover
discovered
discovering
discovers
discovery
dictionaries
discussed
didn't
idea
die
dying
dyeing
deities
deity
different
different
differentiations
different
difficulty
different
difficulties
difficulty
dimensions
dimension
dimensional
dimensions
dimensional
diminutive
diminutive
diocese
diphthong
diphthongs
diplomacy
diphthong
diphthongs
directory
derived
disagreed
disappeared
disappointing
disappeared
disapproval
disastrous
dissatisfaction
dissatisfied
disastrous
discontent
describe
described
describes
describing
distinction
distinctive
dissemination
disenchanted
disciplined
disobedience
disobedient
dissolved
discover
despair
disparagingly
dispense
dispensed
dispensing
despicable
despite
disposition
disproportionate
disputandum
districts
disagreement
disappear
disappearance
disappeared
disappearing
disappears
disappear
disappears
disappointed
disarray
disobedience
disobedient
disobedience
disobedient
distinction
distinguish
distinguished
distinguishes
distinguishing
distinguished
distribution
destruction
destructive
distributed
diverse
diverged
device
divination
division
divisions
dumb
document
documented
documents
doctrines
doctrines
documentary
does
doesn't
doing
domination
dominant
dominant
doing
doesn't
doubt
daub
double
downloads
dramatic
draughtsman
Dravidian
dreams
directly
drink
drumming
drumless
duplicate
during
during
during
dryas
each
earlier
earliest
earned
eclectic
economy
deciduous
eclipse
economic
etc
early
evil
efficiency
efficient
efficiently
efficiency
efficient
efficiently
effort
afford
efforts
affords
effluence
eighth
eight
either
election
eclectic
electric
election
electron
electrical
electrically
electricity
elementary
eliminated
eliminating
eels
electricity
elicited
eligible
elementary
elected
elephant
embarrass
embarrassed
embarrassing
embarrassment
embargoes
embarrass
embarrassed
embarrassing
embarrassment
embezzled
emblematic
emanate
emanated
emission
emitted
emitting
emission
emotion
immediately
emigrated
immigrated
eminent
imminent
eminently
emissaries
emissaries
emissary
emissary
emission
emissions
emitted
emitting
emitted
emitting
enmity
empirical
emphasised
emphasis
emphysema
empirical
imperial
emperor
imprisoned
enameled
enhancement
encouraging
encryption
encyclopedia
endeavors
endeavour
ending
endoliths
induce
need
enforcing
engagement
engineer
engineering
engineer
engineers
enlargement
enlargements
English
enlist
enormous
enormously
ensconced
entanglements
entertainment
enthusiastic
entity
entitled
entrepreneur
entrepreneurs
environment
environmental
environmentally
environments
environment
environmental
environmentalist
environmentally
environments
environment
environmental
environmentalist
environmentally
environments
evolutionary
environments
next
episodes
episode
equivalent
equilibrium
equilibrium
equipped
equipment
equatorial
equivalent
equivalent
equivalent
equivalent
equivalent
orally
really
erratic
erratically
erratically
arrested
erected
erupted
essential
estimated
else
especially
essential
essence
essential
essentially
essential
essential
establishes
establishing
ethnocentrism
those
ethos
European
Europeans
European
European
eventually
eventually
even though
eventually
eventually
everything
every time
everything
every
evidently
exaggerate
exaggerated
exaggerates
exaggerating
exaggerate
exaggerated
exaggerates
exaggerating
examined
exempt
expansion
exact
exchange
execute
executed
executes
executing
execution
exceeded
excellent
excel
excellence
excellent
excels
exercise
exchanging
existed
exclusively
exercising
execution
executed
exceedingly
excellent
excellent
example
except
exceptional
exacerbate
exacerbated
exercises
excerpt
excerpts
exercise
external
exalted
exhibition
exhibition
exhibitions
exciting
extinct
existence
existent
existence
exiled
excludes
example
exonerate
exoskeleton
explain
expatriate
expected
especially
expeditionary
experiments
expel
expels
experience
experienced
expeditions
experience
explanation
explaining
explicitly
exploitative
exploitation
expropriated
expropriation
expressed
extremely
extension
extensions
exerted
extremist
extinct
extant
extradition
extraterrestrial
extraterrestrials
extravagant
extremely
extremophile
extremely
extraordinarily
extraordinary
year
eyas
years
eyas
years
eyas
facilitate
facilitated
facilitates
facilities
facilitate
fascinated
fascist
families
familiar
famous
fanaticism
Fahrenheit
fact
fought
favourable
feasible
February
February
federally
feminist
pheromone
fertility
finite
finally
fictitious
fictitious
find
feel
field, file, phial
feels
fields, files, phials
fiercely
fighting
filament
families
financial
finally
financially
friends
flirts
first
fissionable
flammable
flawless
fled
freed
Flemish
fluorescent
fluorescent
fluorine
flourish
flourishing
following
following
formed
from
form
phonetic
fontier
football
forbade
forbidden
foreword
forfeit
forehead
foreign
Fomalhaut
formalize
formalized
formally
formerly
formerly
formidable
foremost
foresaw
foreseeable
foretelling
forerunner
focus
found
fought
foundries
foundry
Newfoundland
forties
forty
fourth
forward
Franciscan
Franciscans
friend
friendly
frequently
from
formed
frontier
function
functioning
fulfill
fulfilled
fulfilled
fulfill
fulfilled
fundamental
fundamentals
fungi
function
further
further
furthermore
futhark
futhorc
game
Gael, gale
galactic
Galatians
galaxies
galvanized
Game Boy
generate
games
gangster
guarantee
guaranteed
guarantees
garda
garrison
guaran
guarantee
guaranteed
guarantees
guard
gourd
guarantee
guaranteed
guarantees
genealogical
genealogies
genealogy
generally
generating
genitalia
geographical
geometer
geometers
great
Gandhi
glamorous
flight
gnawed
goddess
goddesses
Godunov
going
Gauguin
going
going
Gothenburg
Gottlieb
governor
government
government
government
governance
government
governmental
governor
government
government
governmental
government
graceful
great
graffiti
grammatically
grammatically
grammar
great
gratuitous
grateful
gratefully
grief
griddles
group
grow
Guadalupe
Guadeloupe
Guadalupe
Guadeloupe
gauge
guarantee
guaranteed
guarantees
Guatemala
Guatemalan
guerrilla
guerrillas
guidance
Giulia
Giulio
Guinness
Giuseppe
guanine
guarantee
guaranteed
guarantees
guttural
guttural
habeas
habeas
Habsburg
haemorrhage
have
heave
hilarious
Hallowe'en
Halloween
help
happen
happened
happening
happened
happened
happened
harassed
harasses
harassment
harassments
harassment
harass
harassed
harasses
harassing
harassment
harassments
harassed
harassed
harassing
harassment
harassments
hasn't
Haitian
heaviest
headquarter
headquarter
headquartered
headquarters
healthcare
heard
healthy
Heidelberg
higher
hierarchy
hieroglyphics
helmet
helpful
helped
hemorrhage
heard
Hera
heredity
hero
heroes
heritage
hertz
hesitant
heterogeneous
height
hierarchical
hierarchies
hierarchy
hierarchical
hierarchy
hieroglyph
hieroglyphs
higher
highest
highway
hilarious
himself
hindrance
hindrance
hindrance
hippopotamus
himself
histocompatibility
historians
hit singles
hold
holiday
home state
homogenize
homogenized
honorary
horrifying
hoisted
hospitable
honour
hours
house
however
historians
history
then
hen, the
there
here
they
think
thing
think
this
humor
humour
humorous
humerus
humanoid
humoral
humorous
husband
have
having
have
heave
which
while
whole
hydrogen
hydrophile
hydrophilic
hydrophobe
hydrophobic
hygiene
hypocrisy
hypocrisy
hypocrisy
hypocrite
hypocrites
iconoclastic
idea
ideas
ideologies
ideology
identical
identifiers
idiosyncratic
ideas
ides
idiosyncrasy
Ithaca
illegitimacy
illegitimate
illness
illegal
illusion
illness
illogical
imaginary
imagine
imaginary
imagery
eminent
imminent
incomplete
immediately
immense
emigrant
immigrant
emigrated
immigrated
emigration
immigration
eminent
imminent, immanent
immediately
immediately
immediately
immediately
imitate
imitated
imitating
imitator
immunosuppressant
impeccably
impedance
implementing
implement
implemented
employs
important
impresario
imprisoned
imprisoned
improvisation
improvements
inability
inaccessible
inadequate
inadequate
inadvertent
inadvertently
inaugurated
inauguration
inappropriate
inaugurates
imbalance
imbalanced
between
incarcerated
incidentally
incidentally
increased
include
including
incompatibilities
incompatibility
incompatible
incompatibilities
incompatibility
incompatibilities
incompatibility
incompetence
incompetent
incompatible
incompetent
inconsistent
incorporated
incorporation
incorporated
incorporates
incorruptible
incrementally
incredible
incredible
introduce
introduced
including
incunabula
indefinitely
undefinable
indefinitely
identical
independently
independence
independence
independent
independently
independence
independent
indispensable
indispensable
indictment
indigenous
independence
independent
independently
indispensable
indisputable
indisputably
indict
individually
independent
independently
indulge
industrial
individuals
inefficiently
inevitable
inevitable
inevitably
infallibility
infallible
infectious
inferred
infiltrate
infiltrated
infiltration
infinite
inflammation
influential
influenced
information
information
infantryman
infringement
ingenious
ingredients
inhabitants
inherently
heritage
inheritance
inheritance
initial
initially
initiation
initiative
including
immigrant
immigrants
inoculated
innocence
unofficial
into
impeach
impending
impenetrable
impolite
imprisonment
improving
insectivorous
insensitive
inseparable
insistence
institution
institutions
in spite
inspire
instead
instance
institute
instruction
instruments
institutionalized
intuitions
insurance
intellectual
intelligence
intelligent
international
intended
indented
interpretation
interpretor
international
interbreed
interbred
interchangeable
interchangeably
intercontinental
intercontinental
interred
interned
interrelated
interference
interfering
integrated
integration
interim
international
interpret
interim
interregnum
entertaining
interrupt
intervenes
intervene
initial
initially
introduced
interest
introduced
introduced
instrument
instrumental
instruments
entrusted
intuitive
intuitively
industry
enumerable
innumerable
inventor
invertebrates
investigate
involvement
irrelevant
irresistible
irresistibly
irresistible
irresistibly
irritable
irritated
ironically
regardless
irrelevant
irreplaceable
irresistible
irresistibly
isn't
Israelis
issuing
introduced
junior
will
with
January
January
Japanese
jacques
jeopardy
jewellery
Johannine
journal
Joseph
journey
journeyed
journeys
just
just
Judaism
Judaism
judicial
judiciary
judicial
jurisdiction
jurisdictions
kindergarten
kleenex
knives
knife
knowledge
knowledgeable
know
knows
know
knows
know
lavatory
laboratory
labelled
labeled
laboratory
language
languages
large
largest
larry
last
latitude
launch
launches
launched
larvae
laid
laziness
league
lean
learn, leaner
lethal
left
legitimate
legitimate
leibniz
length
learn
learns
lieutenant
levitate
levitated
levitates
levitating
level
liaison
liaison
liaisons
library
libel
linguistic
linguistics
libertarianism
libel
liable
lying
like
liked
leisure
lieutenant
lived
lifetime
light year
light years
likelihood
linnaean
lipizzaner
liquefy
license
licence
license
licence
license
licence
listeners
literature
literally
literature
little
literally
like
lively
limits
love
loneliness
longitudinal
lonely
lonely
only
losing
lothringen
last
likud
love
love
Libya
machine
marching, matching
mackerel
magazine
magazine
magazine
magician
magnificent
magnolia
mainly
maintenance
maintenance
maintenance
maintenance
maintaining
mentioned
majority
marked
made
makes
Malcolm
Maltese
mammal
mammalian
manageable
manageably
management
manoeuvre
manoeuvred
manoeuvres
manoeuvring
manifestations
maneuverability
maneuver
manoeuvre
maneuverability
manoeuvrability, manoeuverability
maneuverable
manoeuvrable
maneuvers
manoeuvres
maintained
maneuver
manoeuvre
maneuvers
manoeuvres
manufactured
manufacture
manufactured
manufacturing
maneuver
marriage
majority
marks
marketing
marmalade
marriage
marriage
martyred
married
Massachusetts
Massachusetts
mass media
masturbation
metaphysical
materialist
mathematics
mathematician
mathematics
mathematicians
mathematically
mathematician
mathematicians
mccarthyist
mechanics
meaning
wear
mere, mare
merchandise
medicine
medieval
medieval
mediciny
medieval
mediterranean
Mediterranean
meerkat
milieux
membranophone
member
mentally
veranda
Miranda
mercantile
messenger
messaging
metallic
metallurgic
metallurgical
metallurgy
metamorphosis
metaphorical
meteorologist
meteorology
metaphor
metaphors
Michigan
microscopy
midwives
milieu
millennia
millennium
milieu
military
milligram
million
military
millennia
millennial
millennialism
millennium
millipede
millionaire
military
million
military
miniature
mineral
ministry
ministry
ministries
ministry
minimum
mirrored
miscellaneous
miscellaneous
miscellaneous
mischievous
mischievous
mischievous
misdemeanor
misdemeanors
misdemeanor
misdemeanors
misfortunes
missile
Missouri
misspell
misspelled
misspelling
mizzen
Mississippi
Mississippi
missile
missionary
mysterious
mystery
mysterious
make
makes
making
make
modem
model
moment
money
muslims
mohel
soil
molecules
memento
monasteries
monastery
monetary
monikers
monolithic
Montserrat
mountains
mountainous
Montana
months
monotypic
more
more so
mortgage
Morissette
Morissette
moroccan
morocco
morocco
mortgage
moisture
motivated
month
movie
movement
more
mucous
murder
murdering
muslim
multiculturalism
multiplied
multipliers
numbers
municipalities
municipality
municipality
mussels
muscles
musical
musician
musicians
mutilated
myriad
myself
misogynist
misogyny
mysterious
Mithraic
naive
Napoleon
Napoleon
Napoleonic
naturally
naturally
natural
naturally
Nazareth
necessarily
necessary
necessarily
necessary
necessities
necessarily
necessary
necessitate
negligible
negligible
negotiate
negotiation
negotiations
negotiation
niece
nice
neighborhood
neighbour
neighbor
neighbourhood
neighbouring
neighboring
neighbours
neighbors
neolithic
necessarily
necessary
nesting
nevertheless
newsletters
nickel
nightfall
nighttime
ninth
nineteenth
1990s
ninety
know
know
name
noncombatants
nonsense
nonetheless
no one
northern
northern
northeastern
notably
notable
notably
notoriety
north
northern
noticeable
noticeably
noticing
noticeable
notwithstanding
nouveau
November
nowadays
now
not
nuclear
nuclear
nuisance
Nullarbor
numerous
Nuremberg
nuisance
nutrient
nutrients
nurturing
obedience
obedient
obsession
obsessed
obstacle
obstacles
obstructed
occasion
occasional
occasionally
occasionally
occasioned
occasions
occasion
occasional
occasionally
occasionally
occasioned
occasions
occasion
occasion
occasional
occasionally
occasionally
occasioned
occasions
occasionally
occur
occurrence
occurrences
occurred
occurrence
occurrences
occurring
occur
occurrence
occurrences
octahedra
octahedral
octahedron
countries
country
occur
occurrence
occurred
occurrence
officers
officially
offerings
official
officially
officials
officially
officially
offered
often
going
ogling
omission
omitted
omitting
omelette
omission
omitted
omitting
omitted
omitting
omnivorous
omnivorously
more
note
not
only
openness
opponent
opportunity
oppose
opposite
opposition
openly
opinion
opponent
opponent
opposition
opposed
opportunity
oppression
oppressive
ophthalmic
ophthalmologist
ophthalmology
ophthalmologist
optimizations
optimism
ordered
organism
organisation
organization
origin
organ
original
originally
organise
ordinarily
originally
original
originally
originally
originally
originally
original
originally
originally
other
publisher
oeuvre
outstanding
overshadowed
over there
overwhelming
overwhelming
work
would
oxygen
oxymoron
penis
paid
patience
place
palace
paleolithic
parliamentarian
Palestinian
Palestinian
Palestinians
palette
pamphlet
pamphlet
pantomime
Papanicolaou
parallel
parallel
parallelly
parallelly
parallelly
parenthesis
paraphernalia
parallels
parasitic
particular
parliament
parakeets
parallel
parallel
parallel
parallelly
parallelly
partially
particularly
particular
particularly
particularly
particularly
party
passed
passengers
passersby
pastime
pastoral
particular
patented
pavilion
paid
publisher
publisher
peaceful and
pageant
people
peoples
peculiar
pedestrian
performed
piece
Peloponnesus
penalty
penetrator
peninsula
peninsular
peninsula
peninsular
peninsula
Pennsylvania
pencil
peninsula
poem
poems
people
peoples
poetry
parade
perceived
perceive
perceived
perennially
performance
performers
performance
performed
performs
perhaps
perhaps
perhaps
peripatetic
persistent
perjury
pejorative
permanent
permanent
permanently
permissible
prerogative
personal
perpetrated
personality
perhaps
perpendicular
person
perseverance
persistence
persistent
personnel
personal
personnel
personnel
persuaded
pursue
pursued
pursuing
pursuit
pursuits
perturbation
perturbations
pessary
petition
Pharaoh
phenomenon
phenomenal
phenomenally
phenomenon
phenomenon
phenomena
Philippines
philosopher
philosophical
philosophy
Philippine
Philippines
Philippines
philosophically
philosopher
philosophies
philosophy
Phoenecian
phonograph
philosophical
physically
publisher
pitch
pilgrimage
pilgrimages
pineapple
pineapple
pioneered
plagiarism
plantation
planned
plaintiff
plateau
plausible
playwright
playwright
playwrights
pleasant
plebiscite
pleasant
penis
peoples
poetry
poison
political
pollinator
pollinators
politician
politicians
political
pollute
polluted
pollutes
polluting
pollution
polyphonic
polysaccharide
polysaccharide
pomegranate
promotion
proportional
population
popularity
popular
popular
portion
portion
portrait
portrayed
portraying
Portuguese
portuguese
Portuguese
possess
possessed
possesses
possessing
possession
possessions
poison
position
positron
possible
possibly
possesses
possessing
possession
possesses
possible
possibility
possibility
possibility
possibilities
possibility
position
Potsdam
posthumous
position
positive
potatoes
portrait
portrayed
populations
powerful
powerful
powerful
publisher
practical
practically
practically
practitioner
practitioners
practically
practitioner
practitioners
prairie
prairie
prairies
practice
preamble
predecessor
precede
preceded
preceding
precedes
percentage
precise
precisely
precursor
predecessors
predictable
predictions
predominately
preferred
preferring
preferably
pregnancies
period
proliferation
premiere
premiered
premillennial
preeminence
permission
Premonstratensians
preoccupation
prepare
preparation
preparatory
preparation
preparations
period
presidential
presence
presidential
presidential
prestigious
perspective
prestigious
prestigious
presumably
presumably
protection
prevalent
perverse
previous
principal
principle
priesthood
primarily
primitive
primitively
primitives
primordial
principality
principality
principal
principally
principal
privilege
privileges
privileges
privilege
privileged
privileges
privilege
privileged
privileges
privileges
privilege
privilege
privileges
privilege
private
probability
probabilistic
probably
probability
probably
problem
process
processing
proceed
precede
proceeded
preceded
proceeds
precedes
procedure
proceeding
preceding
proceedings
procedure
process
processor
proclamation
proclaimed
proclaiming
proclamation
profusion
profession
professor
professor
professed
profession
professional
professor
prolific
progressed
prodigy
programmable
pogrom
program
pogroms
programs
prohibition
prolegomena
prominence
prominent
prominently
prominently
predominately
promiscuous
promoted
pronominal
pronounced
pronounced
pronunciation
prove
proved
prophecy
proprietary
prompted
propaganda
propagate
propagates
propagation
proposition
proportions
proper
properly
proprietary
proselytizing
protagonist
protagonists
protocol
protagonist
portrayed
protuberance
protuberances
pronouncements
provocative
provided
provincial
provincial
provision
provisional
proximity
pseudonymous
pseudonym
pseudo
psychology
psychic
publisher
publisher
publisher
publicly
publicly
publisher
publisher
publisher
publisher
publisher
published
publisher
publisher
publisher
publisher
publisher
publisher
publisher
publisher
purchasing
Puccini
Puerto Rican
Puerto Ricans
publisher
pumpkin
publisher
puritanical
purposely
purportedly
persuade
persuaded
persuades
persuading
putting
power
psychic
quite
quiet
quantity
quantity
quarantine
Queensland
questionable
quickly
quintessential
quit
quizzes
quite
quiet
rabbinical
raucous
radioactive
ratify
really
rarefied
recurring
reaching
recall
readmission
relatively
realistic
relations
really
really
research
rebuilding
rebellions
rebound
recommend
recommendations
recommended
recommending
recommend
recommended
recommending
recurring
receded
receding
received from
recipient
recipients
receiving
rechargeable
reached
reside
resided
resident
residents
residing
recipients
receipt
receive
received
receiver
receivers
receives
receiving
recipient
recipients
received
receivership
recognise
recognize
recommend
recommended
recommending
recommends
recommendations
recompense
reconnaissance
reconciliation
recognized
reconnaissance
reconnaissance
reconstructed
record producer
required
recreational
record
recruiting
recurring
recurrence
ridiculous
redeeming
reinforced
reflect
referendum
referral
reference
references
referred
reference
references
references
reference
referenced
references
referring
referring
reference
references
references
reference
references
refers
referred
reference
referring
reference
references
refers
refrigeration
refrigerator
reformist
refusal
regards
regular
regularly
regulation
regulators
regularly
rehearsal
reincarnation
reigning
renown
renowned
real
really
relationship
relatively
reelected
relieve
relieved
reliever
releases
relevance
relevant
reliability
reliant
religious
religious
religiously
relinquishment
relatively
realised
realized
replacement
remaining
remember
memorable
remembrance
remembrance
remnant
reminiscent
remnant
reminiscent
reminiscent
reminiscent
rendezvous
rendezvous
rende
renewal
renovate
renovated
renovating
renovation
renters
recurrence
reorganisation
repetition
repartition
republic
republican
republicans
republics
respectively
repetition
repentance
repentant
repeatedly
repetition
rapid
response
responsible
reportedly
representative
representative
representatives
reproducible
repertoire
respectively
repetition
republic
republican
republicans
republics
republic
republican
republicans
republics
republic
republican
republicans
republics
requirement
required
restaurant
resemblance
resembles
resemblance
reservoir
residential
resignment
resistible
resistance
resistant
respectively
response
responsibilities
responsible
responsibility
responsibility
responsible
responsibilities
responsibilities
responsibility
resemblance
resemble
resembled
resemblance
resembling
resurrecting
resurrect
resurrected
resurrection
resurrection
restaurant
restaurants
restaurant
restaurateur
restaurateurs
restaurants
restaurateurs
restoration
restaurant
restaurant
restaurants
restricted
restraint
restaurant
restaurant
restaurants
restaurant
restaurants
resurrecting
retaliated
retaliation
retrieve
returned
reevaluated
review
reversal
reversible
revolutionary
rewritten
rewrite
reference
references
rhyme
rhythm
rhythm
rhythmic
rigueur
rigour, rigor
rigorous
ringing
raised
rose
Rockefeller
rococo
record
roommate
roughly
recuperate
rudimentary
rule
running
running
Russian
Russian
write
rhythm
rhythm
rhythm
rhythmic
rhythms
sacrifice
sacrilegious
Sacramento
sacrificial
safety
safety
salary
sanctioning
sandwich
Sanhedrin
sanctioned
sergeant
sergeant
says
sassy
satellite
satellites
Saturday
Saturdays
satisfactorily
satiric
satirical
satirically
satellite
satellites
sought
saving
saxophone
scalable
Scandinavia
scarcity
scavenged
schedule
scholarship
scholastic
scholarly
scientific
scientific
scientist
science
science
script
scroll
screenwriter
scrutiny
sculptures
search
searched
searches
seceded
succeeded
succeed
secede
succeeded
seceded
secretary
secretary
sidereal
sought
segmentation
segues
siege
seeing
senior
seldom
scenarios
sense
since
sensitive
censure
separate
separated
separately
separates
separating
separation
separatism
separatist
subpoena
sepulchre
sepulcher
sepulchre
sepulcher
sergeant
settlement
settlement
several
severely
severely
service
shadaloo
shadow
shadaloo
shaman
shamans
sheath
sheet, cheat
shield
sheriff
shining
shipped
shipping
shopkeepers
shortly
short while
should
should
shouldn't
should not
shriek
shrunk
since
sidereal
seize
size
seized
sized
seizing
sizing
seizure
seizures
significant
significant
significant
signifies
significantly
significantly
significant
significantly
signatories
signatory
similarly
similar
similarity
similarly
similar
simply
simpler
simultaneous
simultaneously
sincerely
singsong
sines
since
Zionist
Zionists
Sistine
Skagerrak
skating
slaughterhouses
slightly
slippery
slowly
same
smelting
some
sneaks
sneeze
socialism
societies
some
software
show
soldiers
solitary
solely
soldiers
soliloquy
soluble
someone
sometimes
somewhere
sophisticated
sophomore
sorcerer
surrounding
story
satyr
story
sound
sounds
could
should, sold, soul
soundtrack
south
southern
souvenir
souvenirs
soviets
sovereignty
sovereign
sovereignty
sovereignty
Spanish
speech
specific
specialised
specialized
specific
specify
specifying
specimen
spectacular
spectaculars
aspects
expects
spectrum
species
splendour
spermatozoon
space
sponsor
sponsored
spontaneous
sponsored
spoonfuls
speeches
spread
speech
spread
spiritual
spiritual
square
stability
stainless
station
standards
strange
strategic
strategies
strategy
statesman
statements
statement
steroids
stereotypes
stylus
stringent
stirring
stirs
style
stomach
strong
story
stories
stories
strongest
story
stop
strategies
strategy
start
strata
strategically
streamlining
strength
strengthen
strengthened
strengthening
strength
strengthen
strengthened
strengthening
strengthened
strenuous
strictest
strikingly
strand
story
destroy
structural
stubbornness
structure
structured
study
studying
struggling
structure
subcategories
subcategory
subconsciously
subjugation
submachine
subspecies
subsidiary
subsidiary
subsequent
subsequently
substance
substantial
substantial
substituted
subtract
subtracted
subtracting
subtraction
subtracts
substances
subterranean
suburban
succeeded
successes
succeeded
succeeded
succeeds
successful
successfully
successfully
succession
successive
successful
successfully
success
successful
succeed
succeeded
succeeding
succeeds
successful
successfully
successfully
succession
success
successes
successful
successful
successfully
successfully
succession
successive
successor
successor
suicide
suicidal
suffrage
suffered
suffering
sufficient
sufficiently
summary
sunglasses
soup
superseded
superintendent
sophisticated
supplemented
suppose
supposed
supposedly
supposes
supposing
supplemented
supplementing
supposed
supposedly
supply
surpassing
suppress
suppressed
suppresses
suppressing
surprise
surprised
surprising
surprisingly
surprise
surprised
surprising
surprisingly
surface
surly
surely
surround
surrounded
surrounding
surroundings
surrounds
supplanted
suppress
suppressed
surprise
surprised
surprising
surprisingly
surrounded
surrendered
surreptitious
surreptitiously
surreptitious
surreptitiously
surrounded
surrounded
surrounding
surrendering
surveillance
surveil
surveyor
survivor
survivors
survived
susceptible
susceptible
suspension
swear
swears
swept
swimming
says
symmetrical
symmetrically
symmetry
symmetric
symmetric
symmetrically
synagogue
synchronization
synonymous
synonyms
symphony
syphilis
symptoms
syrup
systematically
system
style
tobacco
than
that
talked
targeted
targeting
taste
that
tattoo
tattoos
taxonomic
taxonomy
taught
technician
technicians
techniques
technician
technology
technology
the
they
television
television
telephony
temperature
template
templates
temperate
temporarily
temperament
temperature
temperature
temporary
tentacle
tentacles
tendency
tendencies
tendency
tennis player
temporarily
terrestrial
territories
territory
terrorist
territory
terrorist
testicular
testimony
the
that
that's
theater
these
thief
thieves
themselves
themselves
there
their, the
thereafter
thereby
their
they're
that
the
their
thing
things
things
think
thinking
thickening
thinks
think
then
than
then
thing
things
throughout
threatened
threatening
three
threshold
third
thorough
thoroughly
thought
through, throughout
throughout
through
this
those
that
that
time
Tim
think
this
time
time
tome
the
the
upanishad
take
takes
taking
talking
tobacco
today's
today
together
took
tolerance
Tolkien
tomatoes
tomorrow
tomorrow
tonight
toroidal
tormentors
tornado
torpedoes
torpedoes
to the
troubles
tongue
torch
touch
towards
toward
traditionally
traditionally
traditional
tradition
traditionally
trafficked
trafficking
traffic
transcendent
transcending
transform
transformed
transcendence
transcendent
transcendental
transcribing
transcription
transcending
transsexuals
transferred
transferring
transformation
transition
translator
translators
transmissible
transportation
tremolo
tremolos
triggered
trilogy
trolling
troupe
troupes
troops
truly
trustworthiness
turnkey
trunk
Tucson
trust
twelfth
town
two
that
they
typical
typically
tyrannies
tyranny
tyrannies
tyranny
ubiquitous
publisher
use
Ukrainian
ultimately
unaccompanied
unhappy
unanimous
unauthorised
unavailable
unbalance
unbeknownst
unbelievable
uncertainty
unchallengeable
unchangeable
uncompetitive
unconscious
unconsciousness
discomfort
unconstitutional
unconventional
undecidable
understood
undesirable
undetectable
undoubtedly
underground
unnecessary
unnecessary
inequalities
unforeseen
unfortunately
unforgettable
unforgivable
unfortunately
unfortunately
unfortunately
uninhabited
unilaterally
unilateral
unilaterally
uninterrupted
uninterrupted
UnitedStates
universal
universities
university
university
university
universities
university
unknown
unlikely
unmaneuverable
unmanoeuvrable
unmistakably
unnecessarily
unnecessary
unnecessarily
unnecessary
unnecessarily
unnecessary
unofficial
nonoperational
unnoticeable
displease
unpleasant
unprecedented
unprecedented
unrepentant
unrepentant
unrepentant
used
unused, unsaid
unsubstantiated
unsuccessful
unsuccessfully
unsuccessful
unsuccessful
unsuccessfully
unsuccessful
unsuccessful
unsuccessfully
unsurprised
unsurprising
unsurprisingly
unsurprised
unsurprising
unsurprisingly
unsurprised
unsurprising
unsurprisingly
until
untranslatable
unusable
unusable
university
unwarranted
unwieldy
unwieldy
upcoming
upgraded
up to
usually
usage
useful
usefully
using
usually
usually
vacuum
vacuum
vicinity
vagaries
varieties
validity
valletta
valuable
valuable
variations
variant
variety
varying
varieties
variety
vassal
vassals
vegetarian
vegetable
vegetables
vegetable
vehicle
well
venomous
vengeance
vengeance
verification
version
versions
vermilion
versatility
versatility
between
very
vigueur
vigour, vigor
vigilance
vigorous
villain
vilification
vilify
villi
villain, villein
vicinity
violence
virtually
virtual
virtually
visible
visibly
visiting
visitors
victories
volcano
volleyball
voluntary
volunteer
volunteered
volunteering
volunteers
volunteer
volunteered
volunteering
volunteers
volume
variety
very
variety
vulnerability
very
very
what
warranty
wardrobe
warrant
warriors
wasn't
was
want
wayward
weaponry
was
when
wield
wild
wielded
Wednesday
Wednesday
whereabouts
want
wants
which
whereas
whereas
wherever
which
which
with
which
when
wholly
wholly
holy
what
whether
which
witch
widespread
wife
weird
view
with
with
will
will
willingness
writing
withdrawal
withdraw
withheld
with
within
withhold
with
with
will
want
wanted
wants
whole
work
working
wonderful
worldwide
workstation
world
worsened
would
wrestlers
write
written
wrote
work
working
with
support
xenophobia
yachting
year
yearly
years
yacht
year
years
yield
yielding
Yemenite
Yemeni
year
year
years
years
youtube
yousef
yourself
you
you
zebra
